<html>
<body>
<pre>
<h1>µVision Build Log</h1>
<h2>Tool Versions:</h2>
IDE-Version: µVision V5.35.0.0
Copyright (C) 2021 ARM Ltd and ARM Germany GmbH. All rights reserved.
License Information: Trevor Carter, International Fabric Machines, LIC=----
 
Tool Versions:
Toolchain:       MDK-Lite  Version: 5.35.0.2
Toolchain Path:  C:\Keil_v5\ARM\ARMCC\Bin
C Compiler:      Armcc.exe V5.06 update 7 (build 960)
Assembler:       Armasm.exe V5.06 update 7 (build 960)
Linker/Locator:  ArmLink.exe V5.06 update 7 (build 960)
Library Manager: ArmAr.exe V5.06 update 7 (build 960)
Hex Converter:   FromElf.exe V5.06 update 7 (build 960)
CPU DLL:         SARMCM3.DLL V5.35.0.2
Dialog DLL:      DARMCM1.DLL V1.19.4.0
Target DLL:      Segger\JL2CM3.dll V2.99.40.0
Dialog DLL:      TARMCM1.DLL V1.14.4.0
 
<h2>Project:</h2>
C:\Program Files (x86)\Dialog Semiconductor\SDK_6.0.14.1114\DA145xx_SDK\6.0.14.1114\projects\target_apps\ble_examples\ble_app_peripheral ADC\Keil_5\ble_app_peripheral.uvprojx
Project File Date:  08/25/2021

<h2>Output:</h2>
*** Using Compiler 'V5.06 update 7 (build 960)', folder: 'C:\Keil_v5\ARM\ARMCC\Bin'
Rebuild target 'DA14586'
assembling startup_DA14585_586.s...
compiling system_DA14585_586.c...
compiling nvds.c...
compiling nmi_handler.c...
compiling hardfault_handler.c...
compiling arch_console.c...
compiling jump_table.c...
compiling arch_main.c...
compiling chacha20.c...
compiling hash.c...
compiling arch_sleep.c...
compiling arch_rom.c...
compiling otp_hdr.c...
compiling syscntl.c...
compiling wkupct_quadec.c...
compiling battery.c...
compiling arch_system.c...
compiling adc_58x.c...
compiling gpio.c...
compiling spi_58x.c...
compiling i2c_eeprom.c...
compiling spi_flash.c...
compiling i2c.c...
compiling hw_otpc_58x.c...
compiling uart.c...
compiling trng.c...
compiling dma.c...
compiling ble_arp.c...
compiling rf_531.c...
compiling attm_db_128.c...
compiling prf_utils.c...
compiling rwip.c...
compiling rf_585.c...
compiling diss.c...
compiling custom_common.c...
compiling diss_task.c...
compiling custs1.c...
compiling rwble.c...
compiling prf.c...
compiling custs1_task.c...
compiling app_default_handlers.c...
compiling app_task.c...
compiling app.c...
compiling app_security.c...
compiling app_security_task.c...
compiling app_bass_task.c...
compiling app_bass.c...
compiling app_findme.c...
compiling app_findme_task.c...
compiling app_proxr.c...
compiling app_proxr_task.c...
compiling app_diss.c...
compiling app_suotar.c...
compiling app_diss_task.c...
compiling app_suotar_task.c...
compiling app_msg_utils.c...
compiling app_entry_point.c...
compiling app_easy_msg_utils.c...
compiling app_easy_security.c...
compiling app_easy_timer.c...
compiling app_customs.c...
compiling app_customs_task.c...
compiling app_customs_common.c...
compiling app_bond_db.c...
compiling app_utils.c...
compiling app_easy_whitelist.c...
compiling user_custs_config.c...
compiling user_custs1_def.c...
compiling user_periph_setup.c...
compiling user_peripheral.c...
compiling user_custs1_impl.c...
..\src\user_custs1_impl.c(259): error:  #20: identifier "ADC_INPUT_SE_P0_6" is undefined
          .input = ADC_INPUT_SE_P0_6,
..\src\user_custs1_impl.c(263): error:  #20: identifier "ADC_INPUT_ATTN_4X" is undefined
          .input_attenuator = ADC_INPUT_ATTN_4X,
..\src\user_custs1_impl.c(258): error:  #136: struct "<unnamed>"  has no field "input_mode"
          .input_mode = ADC_INPUT_MODE_SINGLE_ENDED,
..\src\user_custs1_impl.c(271): warning:  #223-D: function "adc_start" declared implicitly
      adc_start();
..\src\user_custs1_impl.c(272): warning:  #223-D: function "adc_correct_sample" declared implicitly
      uint16_t result = adc_correct_sample(adc_get_sample());
..\src\user_custs1_impl.c(281): warning:  #223-D: function "adc_get_oversampling" declared implicitly
      uint32_t adc_res = 10 + ((6 < adc_get_oversampling()) ? 6 : adc_get_oversampling());
..\src\user_custs1_impl.c(284): error:  #20: identifier "GP_ADC_ATTN" is undefined
      uint32_t ref_mv = 900 * (GetBits16(GP_ADC_CTRL2_REG, GP_ADC_ATTN) + 1);
..\src\user_custs1_impl.c: 3 warnings, 4 errors
".\out_DA14586\Objects\ble_app_peripheral_586.axf" - 4 Error(s), 3 Warning(s).

<h2>Software Packages used:</h2>

Package Vendor: ARM
                http://www.keil.com/pack/ARM.CMSIS.5.8.0.pack
                ARM.CMSIS.5.8.0
                CMSIS (Common Microcontroller Software Interface Standard)

<h2>Collection of Component include folders:</h2>
  C:\Users\trevo\AppData\Local\Arm\Packs\ARM\CMSIS\5.8.0\Device\ARM\ARMCM0\Include

<h2>Collection of Component Files used:</h2>
Target not created.
Build Time Elapsed:  00:00:18
</pre>
</body>
</html>
